<?xml version="1.0" encoding="UTF-8"?>
<testsuite xmlns:xsi="http://www.w3.org/2001/XMLSchema-instance" xsi:noNamespaceSchemaLocation="https://maven.apache.org/surefire/maven-surefire-plugin/xsd/surefire-test-report-3.0.xsd" version="3.0" name="TestSuite" time="61.983" tests="4" errors="0" skipped="0" failures="0">
  <properties>
[...]
</properties>
  <testcase name="checktext" classname="E2E.QaClick.LoginTest" time="0.743"/>
  <testcase name="clickSignin" classname="E2E.QaClick.LoginTest" time="2.708"/>
  <testcase name="clickSignin" classname="E2E.QaClick.LoginTest" time="4.437"/>
  <testcase name="checktabs" classname="E2E.QaClick.HomeTest" time="1.033"/>
</testsuite>