<?xml version="1.0" encoding="UTF-8"?>
<testng-results skipped="0" failed="0" ignored="0" total="9" passed="9">
  <reporter-output>
  </reporter-output>
  <suite name="Command line suite" duration-ms="57" started-at="2020-07-09T11:42:41 CEST" finished-at="2020-07-09T11:42:41 CEST">
    <groups>
    </groups>
    <test name="Command line test" duration-ms="57" started-at="2020-07-09T11:42:41 CEST" finished-at="2020-07-09T11:42:41 CEST">
      <class name="Maven.Selenium.test2Test">
        <test-method status="PASS" signature="tes2m3()[pri:0, instance:Maven.Selenium.test2Test@13deb50e]" name="tes2m3" duration-ms="1" started-at="2020-07-09T11:42:41 CEST" finished-at="2020-07-09T11:42:41 CEST">
          <reporter-output>
          </reporter-output>
        </test-method> <!-- tes2m3 -->
        <test-method status="PASS" signature="test2m1()[pri:0, instance:Maven.Selenium.test2Test@13deb50e]" name="test2m1" duration-ms="1" started-at="2020-07-09T11:42:41 CEST" finished-at="2020-07-09T11:42:41 CEST">
          <reporter-output>
          </reporter-output>
        </test-method> <!-- test2m1 -->
        <test-method status="PASS" signature="test2m2()[pri:0, instance:Maven.Selenium.test2Test@13deb50e]" name="test2m2" duration-ms="0" started-at="2020-07-09T11:42:41 CEST" finished-at="2020-07-09T11:42:41 CEST">
          <reporter-output>
          </reporter-output>
        </test-method> <!-- test2m2 -->
      </class> <!-- Maven.Selenium.test2Test -->
      <class name="Maven.Selenium.test1Test">
        <test-method status="PASS" signature="test1m1()[pri:0, instance:Maven.Selenium.test1Test@f6c48ac]" name="test1m1" duration-ms="5" started-at="2020-07-09T11:42:41 CEST" finished-at="2020-07-09T11:42:41 CEST">
          <reporter-output>
          </reporter-output>
        </test-method> <!-- test1m1 -->
        <test-method status="PASS" signature="test1m3()[pri:0, instance:Maven.Selenium.test1Test@f6c48ac]" name="test1m3" duration-ms="1" started-at="2020-07-09T11:42:41 CEST" finished-at="2020-07-09T11:42:41 CEST">
          <reporter-output>
          </reporter-output>
        </test-method> <!-- test1m3 -->
        <test-method status="PASS" signature="test1m2()[pri:0, instance:Maven.Selenium.test1Test@f6c48ac]" name="test1m2" duration-ms="0" started-at="2020-07-09T11:42:41 CEST" finished-at="2020-07-09T11:42:41 CEST">
          <reporter-output>
          </reporter-output>
        </test-method> <!-- test1m2 -->
      </class> <!-- Maven.Selenium.test1Test -->
      <class name="Maven.Selenium.test3Test">
        <test-method status="PASS" signature="test3m1()[pri:0, instance:Maven.Selenium.test3Test@239963d8]" name="test3m1" duration-ms="0" started-at="2020-07-09T11:42:41 CEST" finished-at="2020-07-09T11:42:41 CEST">
          <reporter-output>
          </reporter-output>
        </test-method> <!-- test3m1 -->
        <test-method status="PASS" signature="test3m2()[pri:0, instance:Maven.Selenium.test3Test@239963d8]" name="test3m2" duration-ms="0" started-at="2020-07-09T11:42:41 CEST" finished-at="2020-07-09T11:42:41 CEST">
          <reporter-output>
          </reporter-output>
        </test-method> <!-- test3m2 -->
        <test-method status="PASS" signature="test3m3()[pri:0, instance:Maven.Selenium.test3Test@239963d8]" name="test3m3" duration-ms="0" started-at="2020-07-09T11:42:41 CEST" finished-at="2020-07-09T11:42:41 CEST">
          <reporter-output>
          </reporter-output>
        </test-method> <!-- test3m3 -->
      </class> <!-- Maven.Selenium.test3Test -->
    </test> <!-- Command line test -->
  </suite> <!-- Command line suite -->
</testng-results>
