<?xml version="1.0" encoding="UTF-8" ?>
<testsuite tests="9" failures="0" name="TestSuite" time="0.011" errors="0" skipped="0">
  <properties>
[...]
</properties>
  <testcase classname="Maven.Selenium.test1Test" name="test1m1" time="0.009"/>
  <testcase classname="Maven.Selenium.test1Test" name="test1m2" time="0"/>
  <testcase classname="Maven.Selenium.test1Test" name="test1m3" time="0"/>
  <testcase classname="Maven.Selenium.test2Test" name="tes2m3" time="0"/>
  <testcase classname="Maven.Selenium.test2Test" name="test2m1" time="0"/>
  <testcase classname="Maven.Selenium.test2Test" name="test2m2" time="0.001"/>
  <testcase classname="Maven.Selenium.test3Test" name="test3m1" time="0.001"/>
  <testcase classname="Maven.Selenium.test3Test" name="test3m2" time="0"/>
  <testcase classname="Maven.Selenium.test3Test" name="test3m3" time="0"/>
</testsuite>