<?xml version="1.0" encoding="UTF-8"?>
<!-- Generated by org.testng.reporters.JUnitXMLReporter -->
<testsuite hostname="NL03087" ignored="0" name="Test" tests="4" failures="1" timestamp="03 Jul 2020 12:21:26 GMT" time="31.303" errors="0">
  <testcase name="checktext" time="0.014" classname="E2E.QaClick.LoginTest">
    <failure type="java.lang.NullPointerException">
      <![CDATA[java.lang.NullPointerException
at PageObjects.HomePage.title(HomePage.java:33)
at E2E.QaClick.LoginTest.checktext(LoginTest.java:42)
... Removed 25 stack frames]]>
    </failure>
  </testcase> <!-- checktext -->
  <testcase name="clickSignin" time="10.327" classname="E2E.QaClick.LoginTest"/>
  <testcase name="clickSignin" time="8.564" classname="E2E.QaClick.LoginTest"/>
  <testcase name="checktabs" time="0.29" classname="E2E.QaClick.HomeTest"/>
</testsuite> <!-- Test -->
