<?xml version="1.0" encoding="UTF-8"?>
<!-- Generated by org.testng.reporters.JUnitXMLReporter -->
<testsuite hostname="NL03087" ignored="0" name="Test" tests="4" failures="0" timestamp="2020-07-14T15:56:52 CEST" time="60.052" errors="0">
  <testcase name="checktext" time="0.742" classname="E2E.QaClick.LoginTest"/>
  <testcase name="clickSignin" time="2.71" classname="E2E.QaClick.LoginTest"/>
  <testcase name="clickSignin" time="4.436" classname="E2E.QaClick.LoginTest"/>
  <testcase name="checktabs" time="1.033" classname="E2E.QaClick.HomeTest"/>
</testsuite> <!-- Test -->
