<?xml version="1.0" encoding="UTF-8"?>
<!-- Generated by org.testng.reporters.JUnitXMLReporter -->
<testsuite hostname="NL03087" ignored="0" name="Default test" tests="3" failures="0" timestamp="14 Jul 2020 13:28:25 GMT" time="37.417" errors="0">
  <testcase name="checktext" time="0.652" classname="E2E.QaClick.LoginTest"/>
  <testcase name="clickSignin" time="3.195" classname="E2E.QaClick.LoginTest"/>
  <testcase name="clickSignin" time="2.107" classname="E2E.QaClick.LoginTest"/>
</testsuite> <!-- Default test -->
