<?xml version="1.0" encoding="UTF-8"?>
<!-- Generated by org.testng.reporters.JUnitXMLReporter -->
<testsuite hostname="NL03087" ignored="0" name="Surefire test" tests="9" failures="0" timestamp="2020-06-22T09:11:59 CEST" time="0.081" errors="0">
  <testcase name="test1m1" time="0.007" classname="Maven.Selenium.test1Test"/>
  <testcase name="test1m2" time="0.001" classname="Maven.Selenium.test1Test"/>
  <testcase name="test1m3" time="0.001" classname="Maven.Selenium.test1Test"/>
  <testcase name="tes2m3" time="0.0" classname="Maven.Selenium.test2Test"/>
  <testcase name="test2m1" time="0.0" classname="Maven.Selenium.test2Test"/>
  <testcase name="test2m2" time="0.0" classname="Maven.Selenium.test2Test"/>
  <testcase name="test3m1" time="0.0" classname="Maven.Selenium.test3Test"/>
  <testcase name="test3m2" time="0.001" classname="Maven.Selenium.test3Test"/>
  <testcase name="test3m3" time="0.0" classname="Maven.Selenium.test3Test"/>
</testsuite> <!-- Surefire test -->
